<?xml version='1.0'?>
<ns2:test-suite xmlns:ns2='urn:model.allure.qatools.yandex.ru' start='1548280604067' stop='1548280621357'>
    <name>Shipping Manifest Automation Test-20190123-16-40-13</name>
    <title>Shipping Manifest Automation Test-20190123-16-40-13</title>
    <test-cases>
        <test-case start='1548280604069' status='failed' stop='1548280609416'>
            <name>Create Manifest</name>
            <title>Create Manifest</title>
            <labels/>
            <parameters/>
            <steps/>
            <attachments>
                <attachment title='Screenshot' source='f0837092-b031-4126-a08d-9a280a215fba-attachment.png' type='image/png' size='109962'/>
            </attachments>
            <failure>
                <message>ReferenceError: fired is not defined</message>
                <stack-trace>ReferenceError: fired is not defined
                    at C:\Users\gebirecki\protractorworkspace\ProtractorAutomation\TESTS\Test.js:8:16
                    at ManagedPromise.invokeCallback_ (C:\Users\gebirecki\AppData\Roaming\npm\node_modules\protractor\node_modules\selenium-webdriver\lib\promise.js:1376:14)
                    at TaskQueue.execute_ (C:\Users\gebirecki\AppData\Roaming\npm\node_modules\protractor\node_modules\selenium-webdriver\lib\promise.js:3084:14)
                    at TaskQueue.executeNext_ (C:\Users\gebirecki\AppData\Roaming\npm\node_modules\protractor\node_modules\selenium-webdriver\lib\promise.js:3067:27)
                    at asyncRun (C:\Users\gebirecki\AppData\Roaming\npm\node_modules\protractor\node_modules\selenium-webdriver\lib\promise.js:2927:27)
                    at C:\Users\gebirecki\AppData\Roaming\npm\node_modules\protractor\node_modules\selenium-webdriver\lib\promise.js:668:7
                    at process._tickCallback (internal/process/next_tick.js:68:7)</stack-trace>
            </failure>
        </test-case>
        <test-case start='1548280609417' status='failed' stop='1548280610694'>
            <name>Create Manifest - Add SO</name>
            <title>Create Manifest - Add SO</title>
            <labels/>
            <parameters/>
            <steps/>
            <attachments>
                <attachment title='Screenshot' source='a83d880e-109e-4c84-a00b-19a3dd51f4cc-attachment.png' type='image/png' size='109962'/>
            </attachments>
            <failure>
                <message>Failed: element not interactable
                  (Session info: chrome=71.0.3578.98)
                  (Driver info: chromedriver=2.44.609538 (b655c5a60b0b544917107a59d4153d4bf78e1b90),platform=Windows NT 10.0.15063 x86_64)</message>
                <stack-trace>ElementNotVisibleError: element not interactable
                  (Session info: chrome=71.0.3578.98)
                  (Driver info: chromedriver=2.44.609538 (b655c5a60b0b544917107a59d4153d4bf78e1b90),platform=Windows NT 10.0.15063 x86_64)
                    at Object.checkLegacyResponse (C:\Users\gebirecki\AppData\Roaming\npm\node_modules\protractor\node_modules\selenium-webdriver\lib\error.js:546:15)
                    at parseHttpResponse (C:\Users\gebirecki\AppData\Roaming\npm\node_modules\protractor\node_modules\selenium-webdriver\lib\http.js:509:13)
                    at doSend.then.response (C:\Users\gebirecki\AppData\Roaming\npm\node_modules\protractor\node_modules\selenium-webdriver\lib\http.js:441:30)
                    at process._tickCallback (internal/process/next_tick.js:68:7)
                From: Task: WebElement.click()
                    at Driver.schedule (C:\Users\gebirecki\AppData\Roaming\npm\node_modules\protractor\node_modules\selenium-webdriver\lib\webdriver.js:807:17)
                    at WebElement.schedule_ (C:\Users\gebirecki\AppData\Roaming\npm\node_modules\protractor\node_modules\selenium-webdriver\lib\webdriver.js:2010:25)
                    at WebElement.click (C:\Users\gebirecki\AppData\Roaming\npm\node_modules\protractor\node_modules\selenium-webdriver\lib\webdriver.js:2092:17)
                    at actionFn (C:\Users\gebirecki\AppData\Roaming\npm\node_modules\protractor\built\element.js:89:44)
                    at Array.map (&lt;anonymous>)
                    at actionResults.getWebElements.then (C:\Users\gebirecki\AppData\Roaming\npm\node_modules\protractor\built\element.js:461:65)
                    at ManagedPromise.invokeCallback_ (C:\Users\gebirecki\AppData\Roaming\npm\node_modules\protractor\node_modules\selenium-webdriver\lib\promise.js:1376:14)
                    at TaskQueue.execute_ (C:\Users\gebirecki\AppData\Roaming\npm\node_modules\protractor\node_modules\selenium-webdriver\lib\promise.js:3084:14)
                    at TaskQueue.executeNext_ (C:\Users\gebirecki\AppData\Roaming\npm\node_modules\protractor\node_modules\selenium-webdriver\lib\promise.js:3067:27)
                    at asyncRun (C:\Users\gebirecki\AppData\Roaming\npm\node_modules\protractor\node_modules\selenium-webdriver\lib\promise.js:2927:27)Error
                    at ElementArrayFinder.applyAction_ (C:\Users\gebirecki\AppData\Roaming\npm\node_modules\protractor\built\element.js:459:27)
                    at ElementArrayFinder.(anonymous function).args [as click] (C:\Users\gebirecki\AppData\Roaming\npm\node_modules\protractor\built\element.js:91:29)
                    at ElementFinder.(anonymous function).args [as click] (C:\Users\gebirecki\AppData\Roaming\npm\node_modules\protractor\built\element.js:831:22)
                    at UserContext.&lt;anonymous> (C:\Users\gebirecki\protractorworkspace\ProtractorAutomation\TESTS\Test.js:45:61)
                    at C:\Users\gebirecki\AppData\Roaming\npm\node_modules\protractor\node_modules\jasminewd2\index.js:112:25
                    at new ManagedPromise (C:\Users\gebirecki\AppData\Roaming\npm\node_modules\protractor\node_modules\selenium-webdriver\lib\promise.js:1077:7)
                    at ControlFlow.promise (C:\Users\gebirecki\AppData\Roaming\npm\node_modules\protractor\node_modules\selenium-webdriver\lib\promise.js:2505:12)
                    at schedulerExecute (C:\Users\gebirecki\AppData\Roaming\npm\node_modules\protractor\node_modules\jasminewd2\index.js:95:18)
                    at TaskQueue.execute_ (C:\Users\gebirecki\AppData\Roaming\npm\node_modules\protractor\node_modules\selenium-webdriver\lib\promise.js:3084:14)
                    at TaskQueue.executeNext_ (C:\Users\gebirecki\AppData\Roaming\npm\node_modules\protractor\node_modules\selenium-webdriver\lib\promise.js:3067:27)
                From: Task: Run it("Create Manifest - Add SO") in control flow
                    at UserContext.&lt;anonymous> (C:\Users\gebirecki\AppData\Roaming\npm\node_modules\protractor\node_modules\jasminewd2\index.js:94:19)
                    at attempt (C:\Users\gebirecki\AppData\Roaming\npm\node_modules\protractor\node_modules\jasmine-core\lib\jasmine-core\jasmine.js:4297:26)
                    at QueueRunner.run (C:\Users\gebirecki\AppData\Roaming\npm\node_modules\protractor\node_modules\jasmine-core\lib\jasmine-core\jasmine.js:4217:20)
                    at runNext (C:\Users\gebirecki\AppData\Roaming\npm\node_modules\protractor\node_modules\jasmine-core\lib\jasmine-core\jasmine.js:4257:20)
                    at C:\Users\gebirecki\AppData\Roaming\npm\node_modules\protractor\node_modules\jasmine-core\lib\jasmine-core\jasmine.js:4264:13
                    at C:\Users\gebirecki\AppData\Roaming\npm\node_modules\protractor\node_modules\jasmine-core\lib\jasmine-core\jasmine.js:4172:9
                    at C:\Users\gebirecki\AppData\Roaming\npm\node_modules\protractor\node_modules\jasminewd2\index.js:64:48
                    at ControlFlow.emit (C:\Users\gebirecki\AppData\Roaming\npm\node_modules\protractor\node_modules\selenium-webdriver\lib\events.js:62:21)
                    at ControlFlow.shutdown_ (C:\Users\gebirecki\AppData\Roaming\npm\node_modules\protractor\node_modules\selenium-webdriver\lib\promise.js:2674:10)
                    at shutdownTask_.MicroTask (C:\Users\gebirecki\AppData\Roaming\npm\node_modules\protractor\node_modules\selenium-webdriver\lib\promise.js:2599:53)
                From asynchronous test: 
                Error
                    at Suite.&lt;anonymous> (C:\Users\gebirecki\protractorworkspace\ProtractorAutomation\TESTS\Test.js:44:2)
                    at addSpecsToSuite (C:\Users\gebirecki\AppData\Roaming\npm\node_modules\protractor\node_modules\jasmine-core\lib\jasmine-core\jasmine.js:1107:25)
                    at Env.describe (C:\Users\gebirecki\AppData\Roaming\npm\node_modules\protractor\node_modules\jasmine-core\lib\jasmine-core\jasmine.js:1074:7)
                    at describe (C:\Users\gebirecki\AppData\Roaming\npm\node_modules\protractor\node_modules\jasmine-core\lib\jasmine-core\jasmine.js:4399:18)
                    at Object.&lt;anonymous> (C:\Users\gebirecki\protractorworkspace\ProtractorAutomation\TESTS\Test.js:4:1)
                    at Module._compile (internal/modules/cjs/loader.js:689:30)
                    at Object.Module._extensions..js (internal/modules/cjs/loader.js:700:10)
                    at Module.load (internal/modules/cjs/loader.js:599:32)
                    at tryModuleLoad (internal/modules/cjs/loader.js:538:12)</stack-trace>
            </failure>
        </test-case>
        <test-case start='1548280610694' status='failed' stop='1548280611778'>
            <name>Create Manifest - Add PO</name>
            <title>Create Manifest - Add PO</title>
            <labels/>
            <parameters/>
            <steps/>
            <attachments>
                <attachment title='Screenshot' source='b3c12080-5d00-4fa6-b865-ac9b530a5f6f-attachment.png' type='image/png' size='109962'/>
            </attachments>
            <failure>
                <message>Failed: element not interactable
                  (Session info: chrome=71.0.3578.98)
                  (Driver info: chromedriver=2.44.609538 (b655c5a60b0b544917107a59d4153d4bf78e1b90),platform=Windows NT 10.0.15063 x86_64)</message>
                <stack-trace>ElementNotVisibleError: element not interactable
                  (Session info: chrome=71.0.3578.98)
                  (Driver info: chromedriver=2.44.609538 (b655c5a60b0b544917107a59d4153d4bf78e1b90),platform=Windows NT 10.0.15063 x86_64)
                    at Object.checkLegacyResponse (C:\Users\gebirecki\AppData\Roaming\npm\node_modules\protractor\node_modules\selenium-webdriver\lib\error.js:546:15)
                    at parseHttpResponse (C:\Users\gebirecki\AppData\Roaming\npm\node_modules\protractor\node_modules\selenium-webdriver\lib\http.js:509:13)
                    at doSend.then.response (C:\Users\gebirecki\AppData\Roaming\npm\node_modules\protractor\node_modules\selenium-webdriver\lib\http.js:441:30)
                    at process._tickCallback (internal/process/next_tick.js:68:7)
                From: Task: WebElement.click()
                    at Driver.schedule (C:\Users\gebirecki\AppData\Roaming\npm\node_modules\protractor\node_modules\selenium-webdriver\lib\webdriver.js:807:17)
                    at WebElement.schedule_ (C:\Users\gebirecki\AppData\Roaming\npm\node_modules\protractor\node_modules\selenium-webdriver\lib\webdriver.js:2010:25)
                    at WebElement.click (C:\Users\gebirecki\AppData\Roaming\npm\node_modules\protractor\node_modules\selenium-webdriver\lib\webdriver.js:2092:17)
                    at actionFn (C:\Users\gebirecki\AppData\Roaming\npm\node_modules\protractor\built\element.js:89:44)
                    at Array.map (&lt;anonymous>)
                    at actionResults.getWebElements.then (C:\Users\gebirecki\AppData\Roaming\npm\node_modules\protractor\built\element.js:461:65)
                    at ManagedPromise.invokeCallback_ (C:\Users\gebirecki\AppData\Roaming\npm\node_modules\protractor\node_modules\selenium-webdriver\lib\promise.js:1376:14)
                    at TaskQueue.execute_ (C:\Users\gebirecki\AppData\Roaming\npm\node_modules\protractor\node_modules\selenium-webdriver\lib\promise.js:3084:14)
                    at TaskQueue.executeNext_ (C:\Users\gebirecki\AppData\Roaming\npm\node_modules\protractor\node_modules\selenium-webdriver\lib\promise.js:3067:27)
                    at asyncRun (C:\Users\gebirecki\AppData\Roaming\npm\node_modules\protractor\node_modules\selenium-webdriver\lib\promise.js:2927:27)Error
                    at ElementArrayFinder.applyAction_ (C:\Users\gebirecki\AppData\Roaming\npm\node_modules\protractor\built\element.js:459:27)
                    at ElementArrayFinder.(anonymous function).args [as click] (C:\Users\gebirecki\AppData\Roaming\npm\node_modules\protractor\built\element.js:91:29)
                    at ElementFinder.(anonymous function).args [as click] (C:\Users\gebirecki\AppData\Roaming\npm\node_modules\protractor\built\element.js:831:22)
                    at UserContext.&lt;anonymous> (C:\Users\gebirecki\protractorworkspace\ProtractorAutomation\TESTS\Test.js:57:192)
                    at C:\Users\gebirecki\AppData\Roaming\npm\node_modules\protractor\node_modules\jasminewd2\index.js:112:25
                    at new ManagedPromise (C:\Users\gebirecki\AppData\Roaming\npm\node_modules\protractor\node_modules\selenium-webdriver\lib\promise.js:1077:7)
                    at ControlFlow.promise (C:\Users\gebirecki\AppData\Roaming\npm\node_modules\protractor\node_modules\selenium-webdriver\lib\promise.js:2505:12)
                    at schedulerExecute (C:\Users\gebirecki\AppData\Roaming\npm\node_modules\protractor\node_modules\jasminewd2\index.js:95:18)
                    at TaskQueue.execute_ (C:\Users\gebirecki\AppData\Roaming\npm\node_modules\protractor\node_modules\selenium-webdriver\lib\promise.js:3084:14)
                    at TaskQueue.executeNext_ (C:\Users\gebirecki\AppData\Roaming\npm\node_modules\protractor\node_modules\selenium-webdriver\lib\promise.js:3067:27)
                From: Task: Run it("Create Manifest - Add PO") in control flow
                    at UserContext.&lt;anonymous> (C:\Users\gebirecki\AppData\Roaming\npm\node_modules\protractor\node_modules\jasminewd2\index.js:94:19)
                    at attempt (C:\Users\gebirecki\AppData\Roaming\npm\node_modules\protractor\node_modules\jasmine-core\lib\jasmine-core\jasmine.js:4297:26)
                    at QueueRunner.run (C:\Users\gebirecki\AppData\Roaming\npm\node_modules\protractor\node_modules\jasmine-core\lib\jasmine-core\jasmine.js:4217:20)
                    at runNext (C:\Users\gebirecki\AppData\Roaming\npm\node_modules\protractor\node_modules\jasmine-core\lib\jasmine-core\jasmine.js:4257:20)
                    at C:\Users\gebirecki\AppData\Roaming\npm\node_modules\protractor\node_modules\jasmine-core\lib\jasmine-core\jasmine.js:4264:13
                    at C:\Users\gebirecki\AppData\Roaming\npm\node_modules\protractor\node_modules\jasmine-core\lib\jasmine-core\jasmine.js:4172:9
                    at C:\Users\gebirecki\AppData\Roaming\npm\node_modules\protractor\node_modules\jasminewd2\index.js:64:48
                    at ControlFlow.emit (C:\Users\gebirecki\AppData\Roaming\npm\node_modules\protractor\node_modules\selenium-webdriver\lib\events.js:62:21)
                    at ControlFlow.shutdown_ (C:\Users\gebirecki\AppData\Roaming\npm\node_modules\protractor\node_modules\selenium-webdriver\lib\promise.js:2674:10)
                    at shutdownTask_.MicroTask (C:\Users\gebirecki\AppData\Roaming\npm\node_modules\protractor\node_modules\selenium-webdriver\lib\promise.js:2599:53)
                From asynchronous test: 
                Error
                    at Suite.&lt;anonymous> (C:\Users\gebirecki\protractorworkspace\ProtractorAutomation\TESTS\Test.js:56:2)
                    at addSpecsToSuite (C:\Users\gebirecki\AppData\Roaming\npm\node_modules\protractor\node_modules\jasmine-core\lib\jasmine-core\jasmine.js:1107:25)
                    at Env.describe (C:\Users\gebirecki\AppData\Roaming\npm\node_modules\protractor\node_modules\jasmine-core\lib\jasmine-core\jasmine.js:1074:7)
                    at describe (C:\Users\gebirecki\AppData\Roaming\npm\node_modules\protractor\node_modules\jasmine-core\lib\jasmine-core\jasmine.js:4399:18)
                    at Object.&lt;anonymous> (C:\Users\gebirecki\protractorworkspace\ProtractorAutomation\TESTS\Test.js:4:1)
                    at Module._compile (internal/modules/cjs/loader.js:689:30)
                    at Object.Module._extensions..js (internal/modules/cjs/loader.js:700:10)
                    at Module.load (internal/modules/cjs/loader.js:599:32)
                    at tryModuleLoad (internal/modules/cjs/loader.js:538:12)</stack-trace>
            </failure>
        </test-case>
        <test-case start='1548280611779' status='failed' stop='1548280612863'>
            <name>Create Manifest</name>
            <title>Create Manifest</title>
            <labels/>
            <parameters/>
            <steps/>
            <attachments>
                <attachment title='Screenshot' source='36d0473a-9c94-4e4d-8c77-0aaf79c68493-attachment.png' type='image/png' size='109962'/>
            </attachments>
            <failure>
                <message>Failed: element not interactable
                  (Session info: chrome=71.0.3578.98)
                  (Driver info: chromedriver=2.44.609538 (b655c5a60b0b544917107a59d4153d4bf78e1b90),platform=Windows NT 10.0.15063 x86_64)</message>
                <stack-trace>ElementNotVisibleError: element not interactable
                  (Session info: chrome=71.0.3578.98)
                  (Driver info: chromedriver=2.44.609538 (b655c5a60b0b544917107a59d4153d4bf78e1b90),platform=Windows NT 10.0.15063 x86_64)
                    at Object.checkLegacyResponse (C:\Users\gebirecki\AppData\Roaming\npm\node_modules\protractor\node_modules\selenium-webdriver\lib\error.js:546:15)
                    at parseHttpResponse (C:\Users\gebirecki\AppData\Roaming\npm\node_modules\protractor\node_modules\selenium-webdriver\lib\http.js:509:13)
                    at doSend.then.response (C:\Users\gebirecki\AppData\Roaming\npm\node_modules\protractor\node_modules\selenium-webdriver\lib\http.js:441:30)
                    at process._tickCallback (internal/process/next_tick.js:68:7)
                From: Task: WebElement.click()
                    at Driver.schedule (C:\Users\gebirecki\AppData\Roaming\npm\node_modules\protractor\node_modules\selenium-webdriver\lib\webdriver.js:807:17)
                    at WebElement.schedule_ (C:\Users\gebirecki\AppData\Roaming\npm\node_modules\protractor\node_modules\selenium-webdriver\lib\webdriver.js:2010:25)
                    at WebElement.click (C:\Users\gebirecki\AppData\Roaming\npm\node_modules\protractor\node_modules\selenium-webdriver\lib\webdriver.js:2092:17)
                    at actionFn (C:\Users\gebirecki\AppData\Roaming\npm\node_modules\protractor\built\element.js:89:44)
                    at Array.map (&lt;anonymous>)
                    at actionResults.getWebElements.then (C:\Users\gebirecki\AppData\Roaming\npm\node_modules\protractor\built\element.js:461:65)
                    at ManagedPromise.invokeCallback_ (C:\Users\gebirecki\AppData\Roaming\npm\node_modules\protractor\node_modules\selenium-webdriver\lib\promise.js:1376:14)
                    at TaskQueue.execute_ (C:\Users\gebirecki\AppData\Roaming\npm\node_modules\protractor\node_modules\selenium-webdriver\lib\promise.js:3084:14)
                    at TaskQueue.executeNext_ (C:\Users\gebirecki\AppData\Roaming\npm\node_modules\protractor\node_modules\selenium-webdriver\lib\promise.js:3067:27)
                    at asyncRun (C:\Users\gebirecki\AppData\Roaming\npm\node_modules\protractor\node_modules\selenium-webdriver\lib\promise.js:2927:27)Error
                    at ElementArrayFinder.applyAction_ (C:\Users\gebirecki\AppData\Roaming\npm\node_modules\protractor\built\element.js:459:27)
                    at ElementArrayFinder.(anonymous function).args [as click] (C:\Users\gebirecki\AppData\Roaming\npm\node_modules\protractor\built\element.js:91:29)
                    at ElementFinder.(anonymous function).args [as click] (C:\Users\gebirecki\AppData\Roaming\npm\node_modules\protractor\built\element.js:831:22)
                    at UserContext.&lt;anonymous> (C:\Users\gebirecki\protractorworkspace\ProtractorAutomation\TESTS\Test.js:83:116)
                    at C:\Users\gebirecki\AppData\Roaming\npm\node_modules\protractor\node_modules\jasminewd2\index.js:112:25
                    at new ManagedPromise (C:\Users\gebirecki\AppData\Roaming\npm\node_modules\protractor\node_modules\selenium-webdriver\lib\promise.js:1077:7)
                    at ControlFlow.promise (C:\Users\gebirecki\AppData\Roaming\npm\node_modules\protractor\node_modules\selenium-webdriver\lib\promise.js:2505:12)
                    at schedulerExecute (C:\Users\gebirecki\AppData\Roaming\npm\node_modules\protractor\node_modules\jasminewd2\index.js:95:18)
                    at TaskQueue.execute_ (C:\Users\gebirecki\AppData\Roaming\npm\node_modules\protractor\node_modules\selenium-webdriver\lib\promise.js:3084:14)
                    at TaskQueue.executeNext_ (C:\Users\gebirecki\AppData\Roaming\npm\node_modules\protractor\node_modules\selenium-webdriver\lib\promise.js:3067:27)
                From: Task: Run it("Create Manifest") in control flow
                    at UserContext.&lt;anonymous> (C:\Users\gebirecki\AppData\Roaming\npm\node_modules\protractor\node_modules\jasminewd2\index.js:94:19)
                    at attempt (C:\Users\gebirecki\AppData\Roaming\npm\node_modules\protractor\node_modules\jasmine-core\lib\jasmine-core\jasmine.js:4297:26)
                    at QueueRunner.run (C:\Users\gebirecki\AppData\Roaming\npm\node_modules\protractor\node_modules\jasmine-core\lib\jasmine-core\jasmine.js:4217:20)
                    at runNext (C:\Users\gebirecki\AppData\Roaming\npm\node_modules\protractor\node_modules\jasmine-core\lib\jasmine-core\jasmine.js:4257:20)
                    at C:\Users\gebirecki\AppData\Roaming\npm\node_modules\protractor\node_modules\jasmine-core\lib\jasmine-core\jasmine.js:4264:13
                    at C:\Users\gebirecki\AppData\Roaming\npm\node_modules\protractor\node_modules\jasmine-core\lib\jasmine-core\jasmine.js:4172:9
                    at C:\Users\gebirecki\AppData\Roaming\npm\node_modules\protractor\node_modules\jasminewd2\index.js:64:48
                    at ControlFlow.emit (C:\Users\gebirecki\AppData\Roaming\npm\node_modules\protractor\node_modules\selenium-webdriver\lib\events.js:62:21)
                    at ControlFlow.shutdown_ (C:\Users\gebirecki\AppData\Roaming\npm\node_modules\protractor\node_modules\selenium-webdriver\lib\promise.js:2674:10)
                    at shutdownTask_.MicroTask (C:\Users\gebirecki\AppData\Roaming\npm\node_modules\protractor\node_modules\selenium-webdriver\lib\promise.js:2599:53)
                From asynchronous test: 
                Error
                    at Suite.&lt;anonymous> (C:\Users\gebirecki\protractorworkspace\ProtractorAutomation\TESTS\Test.js:82:2)
                    at addSpecsToSuite (C:\Users\gebirecki\AppData\Roaming\npm\node_modules\protractor\node_modules\jasmine-core\lib\jasmine-core\jasmine.js:1107:25)
                    at Env.describe (C:\Users\gebirecki\AppData\Roaming\npm\node_modules\protractor\node_modules\jasmine-core\lib\jasmine-core\jasmine.js:1074:7)
                    at describe (C:\Users\gebirecki\AppData\Roaming\npm\node_modules\protractor\node_modules\jasmine-core\lib\jasmine-core\jasmine.js:4399:18)
                    at Object.&lt;anonymous> (C:\Users\gebirecki\protractorworkspace\ProtractorAutomation\TESTS\Test.js:4:1)
                    at Module._compile (internal/modules/cjs/loader.js:689:30)
                    at Object.Module._extensions..js (internal/modules/cjs/loader.js:700:10)
                    at Module.load (internal/modules/cjs/loader.js:599:32)
                    at tryModuleLoad (internal/modules/cjs/loader.js:538:12)</stack-trace>
            </failure>
        </test-case>
        <test-case start='1548280612864' status='failed' stop='1548280621355'>
            <name>Delete Manifest</name>
            <title>Delete Manifest</title>
            <labels/>
            <parameters/>
            <steps/>
            <attachments>
                <attachment title='Screenshot' source='7307ef8a-6334-4ce1-9c88-922fc3942402-attachment.png' type='image/png' size='87982'/>
            </attachments>
            <failure>
                <message>Failed: No element found using locator: By(css selector, #newManifestModal > new-manifest > div.action-buttons > div > div > div:nth-child(3) > button > span)</message>
                <stack-trace>NoSuchElementError: No element found using locator: By(css selector, #newManifestModal > new-manifest > div.action-buttons > div > div > div:nth-child(3) > button > span)
                    at elementArrayFinder.getWebElements.then (C:\Users\gebirecki\AppData\Roaming\npm\node_modules\protractor\built\element.js:814:27)
                    at ManagedPromise.invokeCallback_ (C:\Users\gebirecki\AppData\Roaming\npm\node_modules\protractor\node_modules\selenium-webdriver\lib\promise.js:1376:14)
                    at TaskQueue.execute_ (C:\Users\gebirecki\AppData\Roaming\npm\node_modules\protractor\node_modules\selenium-webdriver\lib\promise.js:3084:14)
                    at TaskQueue.executeNext_ (C:\Users\gebirecki\AppData\Roaming\npm\node_modules\protractor\node_modules\selenium-webdriver\lib\promise.js:3067:27)
                    at asyncRun (C:\Users\gebirecki\AppData\Roaming\npm\node_modules\protractor\node_modules\selenium-webdriver\lib\promise.js:2927:27)
                    at C:\Users\gebirecki\AppData\Roaming\npm\node_modules\protractor\node_modules\selenium-webdriver\lib\promise.js:668:7
                    at process._tickCallback (internal/process/next_tick.js:68:7)Error
                    at ElementArrayFinder.applyAction_ (C:\Users\gebirecki\AppData\Roaming\npm\node_modules\protractor\built\element.js:459:27)
                    at ElementArrayFinder.(anonymous function).args [as click] (C:\Users\gebirecki\AppData\Roaming\npm\node_modules\protractor\built\element.js:91:29)
                    at ElementFinder.(anonymous function).args [as click] (C:\Users\gebirecki\AppData\Roaming\npm\node_modules\protractor\built\element.js:831:22)
                    at UserContext.&lt;anonymous> (C:\Users\gebirecki\protractorworkspace\ProtractorAutomation\TESTS\Test.js:98:123)
                    at C:\Users\gebirecki\AppData\Roaming\npm\node_modules\protractor\node_modules\jasminewd2\index.js:112:25
                    at new ManagedPromise (C:\Users\gebirecki\AppData\Roaming\npm\node_modules\protractor\node_modules\selenium-webdriver\lib\promise.js:1077:7)
                    at ControlFlow.promise (C:\Users\gebirecki\AppData\Roaming\npm\node_modules\protractor\node_modules\selenium-webdriver\lib\promise.js:2505:12)
                    at schedulerExecute (C:\Users\gebirecki\AppData\Roaming\npm\node_modules\protractor\node_modules\jasminewd2\index.js:95:18)
                    at TaskQueue.execute_ (C:\Users\gebirecki\AppData\Roaming\npm\node_modules\protractor\node_modules\selenium-webdriver\lib\promise.js:3084:14)
                    at TaskQueue.executeNext_ (C:\Users\gebirecki\AppData\Roaming\npm\node_modules\protractor\node_modules\selenium-webdriver\lib\promise.js:3067:27)
                From: Task: Run it("Delete Manifest") in control flow
                    at UserContext.&lt;anonymous> (C:\Users\gebirecki\AppData\Roaming\npm\node_modules\protractor\node_modules\jasminewd2\index.js:94:19)
                    at attempt (C:\Users\gebirecki\AppData\Roaming\npm\node_modules\protractor\node_modules\jasmine-core\lib\jasmine-core\jasmine.js:4297:26)
                    at QueueRunner.run (C:\Users\gebirecki\AppData\Roaming\npm\node_modules\protractor\node_modules\jasmine-core\lib\jasmine-core\jasmine.js:4217:20)
                    at runNext (C:\Users\gebirecki\AppData\Roaming\npm\node_modules\protractor\node_modules\jasmine-core\lib\jasmine-core\jasmine.js:4257:20)
                    at C:\Users\gebirecki\AppData\Roaming\npm\node_modules\protractor\node_modules\jasmine-core\lib\jasmine-core\jasmine.js:4264:13
                    at C:\Users\gebirecki\AppData\Roaming\npm\node_modules\protractor\node_modules\jasmine-core\lib\jasmine-core\jasmine.js:4172:9
                    at C:\Users\gebirecki\AppData\Roaming\npm\node_modules\protractor\node_modules\jasminewd2\index.js:64:48
                    at ControlFlow.emit (C:\Users\gebirecki\AppData\Roaming\npm\node_modules\protractor\node_modules\selenium-webdriver\lib\events.js:62:21)
                    at ControlFlow.shutdown_ (C:\Users\gebirecki\AppData\Roaming\npm\node_modules\protractor\node_modules\selenium-webdriver\lib\promise.js:2674:10)
                    at shutdownTask_.MicroTask (C:\Users\gebirecki\AppData\Roaming\npm\node_modules\protractor\node_modules\selenium-webdriver\lib\promise.js:2599:53)
                From asynchronous test: 
                Error
                    at Suite.&lt;anonymous> (C:\Users\gebirecki\protractorworkspace\ProtractorAutomation\TESTS\Test.js:88:2)
                    at addSpecsToSuite (C:\Users\gebirecki\AppData\Roaming\npm\node_modules\protractor\node_modules\jasmine-core\lib\jasmine-core\jasmine.js:1107:25)
                    at Env.describe (C:\Users\gebirecki\AppData\Roaming\npm\node_modules\protractor\node_modules\jasmine-core\lib\jasmine-core\jasmine.js:1074:7)
                    at describe (C:\Users\gebirecki\AppData\Roaming\npm\node_modules\protractor\node_modules\jasmine-core\lib\jasmine-core\jasmine.js:4399:18)
                    at Object.&lt;anonymous> (C:\Users\gebirecki\protractorworkspace\ProtractorAutomation\TESTS\Test.js:4:1)
                    at Module._compile (internal/modules/cjs/loader.js:689:30)
                    at Object.Module._extensions..js (internal/modules/cjs/loader.js:700:10)
                    at Module.load (internal/modules/cjs/loader.js:599:32)
                    at tryModuleLoad (internal/modules/cjs/loader.js:538:12)</stack-trace>
            </failure>
        </test-case>
    </test-cases>
</ns2:test-suite>