<?xml version='1.0'?>
<ns2:test-suite xmlns:ns2='urn:model.allure.qatools.yandex.ru' start='1548278303588' stop='1548278320997'>
    <name>Shipping Manifest Automation Test-20190123-16-18-23</name>
    <title>Shipping Manifest Automation Test-20190123-16-18-23</title>
    <test-cases>
        <test-case start='1548278303589' status='failed' stop='1548278310000'>
            <name>Create Manifest</name>
            <title>Create Manifest</title>
            <labels/>
            <parameters/>
            <steps/>
            <attachments>
                <attachment title='Screenshot' source='4da7bbe8-6a74-4a4e-800f-0f57b81c1077-attachment.png' type='image/png' size='109962'/>
            </attachments>
            <failure>
                <message>Failed: Velement is not defined</message>
                <stack-trace>ReferenceError: Velement is not defined
                    at UserContext.eval (eval at &lt;anonymous> (C:\Users\gebirecki\protractorworkspace\ProtractorAutomation\Fork.js:157:1), &lt;anonymous>:21:3)
                    at C:\Users\gebirecki\AppData\Roaming\npm\node_modules\protractor\node_modules\jasminewd2\index.js:112:25
                    at new ManagedPromise (C:\Users\gebirecki\AppData\Roaming\npm\node_modules\protractor\node_modules\selenium-webdriver\lib\promise.js:1077:7)
                    at ControlFlow.promise (C:\Users\gebirecki\AppData\Roaming\npm\node_modules\protractor\node_modules\selenium-webdriver\lib\promise.js:2505:12)
                    at schedulerExecute (C:\Users\gebirecki\AppData\Roaming\npm\node_modules\protractor\node_modules\jasminewd2\index.js:95:18)
                    at TaskQueue.execute_ (C:\Users\gebirecki\AppData\Roaming\npm\node_modules\protractor\node_modules\selenium-webdriver\lib\promise.js:3084:14)
                    at TaskQueue.executeNext_ (C:\Users\gebirecki\AppData\Roaming\npm\node_modules\protractor\node_modules\selenium-webdriver\lib\promise.js:3067:27)
                    at asyncRun (C:\Users\gebirecki\AppData\Roaming\npm\node_modules\protractor\node_modules\selenium-webdriver\lib\promise.js:2974:25)
                    at C:\Users\gebirecki\AppData\Roaming\npm\node_modules\protractor\node_modules\selenium-webdriver\lib\promise.js:668:7
                From: Task: Run it("Create Manifest") in control flow
                    at UserContext.&lt;anonymous> (C:\Users\gebirecki\AppData\Roaming\npm\node_modules\protractor\node_modules\jasminewd2\index.js:94:19)
                    at attempt (C:\Users\gebirecki\AppData\Roaming\npm\node_modules\protractor\node_modules\jasmine-core\lib\jasmine-core\jasmine.js:4297:26)
                    at QueueRunner.run (C:\Users\gebirecki\AppData\Roaming\npm\node_modules\protractor\node_modules\jasmine-core\lib\jasmine-core\jasmine.js:4217:20)
                    at runNext (C:\Users\gebirecki\AppData\Roaming\npm\node_modules\protractor\node_modules\jasmine-core\lib\jasmine-core\jasmine.js:4257:20)
                    at C:\Users\gebirecki\AppData\Roaming\npm\node_modules\protractor\node_modules\jasmine-core\lib\jasmine-core\jasmine.js:4264:13
                    at C:\Users\gebirecki\AppData\Roaming\npm\node_modules\protractor\node_modules\jasmine-core\lib\jasmine-core\jasmine.js:4172:9
                    at C:\Users\gebirecki\AppData\Roaming\npm\node_modules\protractor\node_modules\jasminewd2\index.js:64:48
                    at ControlFlow.emit (C:\Users\gebirecki\AppData\Roaming\npm\node_modules\protractor\node_modules\selenium-webdriver\lib\events.js:62:21)
                    at ControlFlow.shutdown_ (C:\Users\gebirecki\AppData\Roaming\npm\node_modules\protractor\node_modules\selenium-webdriver\lib\promise.js:2674:10)
                    at shutdownTask_.MicroTask (C:\Users\gebirecki\AppData\Roaming\npm\node_modules\protractor\node_modules\selenium-webdriver\lib\promise.js:2599:53)
                From asynchronous test: 
                Error
                    at Suite.eval (eval at &lt;anonymous> (C:\Users\gebirecki\protractorworkspace\ProtractorAutomation\Fork.js:157:1), &lt;anonymous>:13:2)
                    at addSpecsToSuite (C:\Users\gebirecki\AppData\Roaming\npm\node_modules\protractor\node_modules\jasmine-core\lib\jasmine-core\jasmine.js:1107:25)
                    at Env.describe (C:\Users\gebirecki\AppData\Roaming\npm\node_modules\protractor\node_modules\jasmine-core\lib\jasmine-core\jasmine.js:1074:7)
                    at describe (C:\Users\gebirecki\AppData\Roaming\npm\node_modules\protractor\node_modules\jasmine-core\lib\jasmine-core\jasmine.js:4399:18)
                    at eval (eval at &lt;anonymous> (C:\Users\gebirecki\protractorworkspace\ProtractorAutomation\Fork.js:157:1), &lt;anonymous>:4:1)
                    at Object.&lt;anonymous> (C:\Users\gebirecki\protractorworkspace\ProtractorAutomation\Fork.js:157:1)
                    at Module._compile (internal/modules/cjs/loader.js:689:30)
                    at Object.Module._extensions..js (internal/modules/cjs/loader.js:700:10)
                    at Module.load (internal/modules/cjs/loader.js:599:32)</stack-trace>
            </failure>
        </test-case>
        <test-case start='1548278310001' status='failed' stop='1548278311214'>
            <name>Create Manifest - Add SO</name>
            <title>Create Manifest - Add SO</title>
            <labels/>
            <parameters/>
            <steps/>
            <attachments>
                <attachment title='Screenshot' source='14a2b5c6-a7e0-4f37-8812-535d07eede2a-attachment.png' type='image/png' size='109962'/>
            </attachments>
            <failure>
                <message>Failed: element not interactable
                  (Session info: chrome=71.0.3578.98)
                  (Driver info: chromedriver=2.44.609538 (b655c5a60b0b544917107a59d4153d4bf78e1b90),platform=Windows NT 10.0.15063 x86_64)</message>
                <stack-trace>ElementNotVisibleError: element not interactable
                  (Session info: chrome=71.0.3578.98)
                  (Driver info: chromedriver=2.44.609538 (b655c5a60b0b544917107a59d4153d4bf78e1b90),platform=Windows NT 10.0.15063 x86_64)
                    at Object.checkLegacyResponse (C:\Users\gebirecki\AppData\Roaming\npm\node_modules\protractor\node_modules\selenium-webdriver\lib\error.js:546:15)
                    at parseHttpResponse (C:\Users\gebirecki\AppData\Roaming\npm\node_modules\protractor\node_modules\selenium-webdriver\lib\http.js:509:13)
                    at doSend.then.response (C:\Users\gebirecki\AppData\Roaming\npm\node_modules\protractor\node_modules\selenium-webdriver\lib\http.js:441:30)
                    at process._tickCallback (internal/process/next_tick.js:68:7)
                From: Task: WebElement.click()
                    at Driver.schedule (C:\Users\gebirecki\AppData\Roaming\npm\node_modules\protractor\node_modules\selenium-webdriver\lib\webdriver.js:807:17)
                    at WebElement.schedule_ (C:\Users\gebirecki\AppData\Roaming\npm\node_modules\protractor\node_modules\selenium-webdriver\lib\webdriver.js:2010:25)
                    at WebElement.click (C:\Users\gebirecki\AppData\Roaming\npm\node_modules\protractor\node_modules\selenium-webdriver\lib\webdriver.js:2092:17)
                    at actionFn (C:\Users\gebirecki\AppData\Roaming\npm\node_modules\protractor\built\element.js:89:44)
                    at Array.map (&lt;anonymous>)
                    at actionResults.getWebElements.then (C:\Users\gebirecki\AppData\Roaming\npm\node_modules\protractor\built\element.js:461:65)
                    at ManagedPromise.invokeCallback_ (C:\Users\gebirecki\AppData\Roaming\npm\node_modules\protractor\node_modules\selenium-webdriver\lib\promise.js:1376:14)
                    at TaskQueue.execute_ (C:\Users\gebirecki\AppData\Roaming\npm\node_modules\protractor\node_modules\selenium-webdriver\lib\promise.js:3084:14)
                    at TaskQueue.executeNext_ (C:\Users\gebirecki\AppData\Roaming\npm\node_modules\protractor\node_modules\selenium-webdriver\lib\promise.js:3067:27)
                    at asyncRun (C:\Users\gebirecki\AppData\Roaming\npm\node_modules\protractor\node_modules\selenium-webdriver\lib\promise.js:2927:27)Error
                    at ElementArrayFinder.applyAction_ (C:\Users\gebirecki\AppData\Roaming\npm\node_modules\protractor\built\element.js:459:27)
                    at ElementArrayFinder.(anonymous function).args [as click] (C:\Users\gebirecki\AppData\Roaming\npm\node_modules\protractor\built\element.js:91:29)
                    at ElementFinder.(anonymous function).args [as click] (C:\Users\gebirecki\AppData\Roaming\npm\node_modules\protractor\built\element.js:831:22)
                    at UserContext.eval (eval at &lt;anonymous> (C:\Users\gebirecki\protractorworkspace\ProtractorAutomation\Fork.js:157:1), &lt;anonymous>:46:61)
                    at C:\Users\gebirecki\AppData\Roaming\npm\node_modules\protractor\node_modules\jasminewd2\index.js:112:25
                    at new ManagedPromise (C:\Users\gebirecki\AppData\Roaming\npm\node_modules\protractor\node_modules\selenium-webdriver\lib\promise.js:1077:7)
                    at ControlFlow.promise (C:\Users\gebirecki\AppData\Roaming\npm\node_modules\protractor\node_modules\selenium-webdriver\lib\promise.js:2505:12)
                    at schedulerExecute (C:\Users\gebirecki\AppData\Roaming\npm\node_modules\protractor\node_modules\jasminewd2\index.js:95:18)
                    at TaskQueue.execute_ (C:\Users\gebirecki\AppData\Roaming\npm\node_modules\protractor\node_modules\selenium-webdriver\lib\promise.js:3084:14)
                    at TaskQueue.executeNext_ (C:\Users\gebirecki\AppData\Roaming\npm\node_modules\protractor\node_modules\selenium-webdriver\lib\promise.js:3067:27)
                From: Task: Run it("Create Manifest - Add SO") in control flow
                    at UserContext.&lt;anonymous> (C:\Users\gebirecki\AppData\Roaming\npm\node_modules\protractor\node_modules\jasminewd2\index.js:94:19)
                    at attempt (C:\Users\gebirecki\AppData\Roaming\npm\node_modules\protractor\node_modules\jasmine-core\lib\jasmine-core\jasmine.js:4297:26)
                    at QueueRunner.run (C:\Users\gebirecki\AppData\Roaming\npm\node_modules\protractor\node_modules\jasmine-core\lib\jasmine-core\jasmine.js:4217:20)
                    at runNext (C:\Users\gebirecki\AppData\Roaming\npm\node_modules\protractor\node_modules\jasmine-core\lib\jasmine-core\jasmine.js:4257:20)
                    at C:\Users\gebirecki\AppData\Roaming\npm\node_modules\protractor\node_modules\jasmine-core\lib\jasmine-core\jasmine.js:4264:13
                    at C:\Users\gebirecki\AppData\Roaming\npm\node_modules\protractor\node_modules\jasmine-core\lib\jasmine-core\jasmine.js:4172:9
                    at C:\Users\gebirecki\AppData\Roaming\npm\node_modules\protractor\node_modules\jasminewd2\index.js:64:48
                    at ControlFlow.emit (C:\Users\gebirecki\AppData\Roaming\npm\node_modules\protractor\node_modules\selenium-webdriver\lib\events.js:62:21)
                    at ControlFlow.shutdown_ (C:\Users\gebirecki\AppData\Roaming\npm\node_modules\protractor\node_modules\selenium-webdriver\lib\promise.js:2674:10)
                    at shutdownTask_.MicroTask (C:\Users\gebirecki\AppData\Roaming\npm\node_modules\protractor\node_modules\selenium-webdriver\lib\promise.js:2599:53)
                From asynchronous test: 
                Error
                    at Suite.eval (eval at &lt;anonymous> (C:\Users\gebirecki\protractorworkspace\ProtractorAutomation\Fork.js:157:1), &lt;anonymous>:45:2)
                    at addSpecsToSuite (C:\Users\gebirecki\AppData\Roaming\npm\node_modules\protractor\node_modules\jasmine-core\lib\jasmine-core\jasmine.js:1107:25)
                    at Env.describe (C:\Users\gebirecki\AppData\Roaming\npm\node_modules\protractor\node_modules\jasmine-core\lib\jasmine-core\jasmine.js:1074:7)
                    at describe (C:\Users\gebirecki\AppData\Roaming\npm\node_modules\protractor\node_modules\jasmine-core\lib\jasmine-core\jasmine.js:4399:18)
                    at eval (eval at &lt;anonymous> (C:\Users\gebirecki\protractorworkspace\ProtractorAutomation\Fork.js:157:1), &lt;anonymous>:4:1)
                    at Object.&lt;anonymous> (C:\Users\gebirecki\protractorworkspace\ProtractorAutomation\Fork.js:157:1)
                    at Module._compile (internal/modules/cjs/loader.js:689:30)
                    at Object.Module._extensions..js (internal/modules/cjs/loader.js:700:10)
                    at Module.load (internal/modules/cjs/loader.js:599:32)</stack-trace>
            </failure>
        </test-case>
        <test-case start='1548278311214' status='failed' stop='1548278312377'>
            <name>Create Manifest - Add PO</name>
            <title>Create Manifest - Add PO</title>
            <labels/>
            <parameters/>
            <steps/>
            <attachments>
                <attachment title='Screenshot' source='8d2d26fe-3523-4229-9033-8b919c81dc45-attachment.png' type='image/png' size='109962'/>
            </attachments>
            <failure>
                <message>Failed: element not interactable
                  (Session info: chrome=71.0.3578.98)
                  (Driver info: chromedriver=2.44.609538 (b655c5a60b0b544917107a59d4153d4bf78e1b90),platform=Windows NT 10.0.15063 x86_64)</message>
                <stack-trace>ElementNotVisibleError: element not interactable
                  (Session info: chrome=71.0.3578.98)
                  (Driver info: chromedriver=2.44.609538 (b655c5a60b0b544917107a59d4153d4bf78e1b90),platform=Windows NT 10.0.15063 x86_64)
                    at Object.checkLegacyResponse (C:\Users\gebirecki\AppData\Roaming\npm\node_modules\protractor\node_modules\selenium-webdriver\lib\error.js:546:15)
                    at parseHttpResponse (C:\Users\gebirecki\AppData\Roaming\npm\node_modules\protractor\node_modules\selenium-webdriver\lib\http.js:509:13)
                    at doSend.then.response (C:\Users\gebirecki\AppData\Roaming\npm\node_modules\protractor\node_modules\selenium-webdriver\lib\http.js:441:30)
                    at process._tickCallback (internal/process/next_tick.js:68:7)
                From: Task: WebElement.click()
                    at Driver.schedule (C:\Users\gebirecki\AppData\Roaming\npm\node_modules\protractor\node_modules\selenium-webdriver\lib\webdriver.js:807:17)
                    at WebElement.schedule_ (C:\Users\gebirecki\AppData\Roaming\npm\node_modules\protractor\node_modules\selenium-webdriver\lib\webdriver.js:2010:25)
                    at WebElement.click (C:\Users\gebirecki\AppData\Roaming\npm\node_modules\protractor\node_modules\selenium-webdriver\lib\webdriver.js:2092:17)
                    at actionFn (C:\Users\gebirecki\AppData\Roaming\npm\node_modules\protractor\built\element.js:89:44)
                    at Array.map (&lt;anonymous>)
                    at actionResults.getWebElements.then (C:\Users\gebirecki\AppData\Roaming\npm\node_modules\protractor\built\element.js:461:65)
                    at ManagedPromise.invokeCallback_ (C:\Users\gebirecki\AppData\Roaming\npm\node_modules\protractor\node_modules\selenium-webdriver\lib\promise.js:1376:14)
                    at TaskQueue.execute_ (C:\Users\gebirecki\AppData\Roaming\npm\node_modules\protractor\node_modules\selenium-webdriver\lib\promise.js:3084:14)
                    at TaskQueue.executeNext_ (C:\Users\gebirecki\AppData\Roaming\npm\node_modules\protractor\node_modules\selenium-webdriver\lib\promise.js:3067:27)
                    at asyncRun (C:\Users\gebirecki\AppData\Roaming\npm\node_modules\protractor\node_modules\selenium-webdriver\lib\promise.js:2927:27)Error
                    at ElementArrayFinder.applyAction_ (C:\Users\gebirecki\AppData\Roaming\npm\node_modules\protractor\built\element.js:459:27)
                    at ElementArrayFinder.(anonymous function).args [as click] (C:\Users\gebirecki\AppData\Roaming\npm\node_modules\protractor\built\element.js:91:29)
                    at ElementFinder.(anonymous function).args [as click] (C:\Users\gebirecki\AppData\Roaming\npm\node_modules\protractor\built\element.js:831:22)
                    at UserContext.eval (eval at &lt;anonymous> (C:\Users\gebirecki\protractorworkspace\ProtractorAutomation\Fork.js:157:1), &lt;anonymous>:58:192)
                    at C:\Users\gebirecki\AppData\Roaming\npm\node_modules\protractor\node_modules\jasminewd2\index.js:112:25
                    at new ManagedPromise (C:\Users\gebirecki\AppData\Roaming\npm\node_modules\protractor\node_modules\selenium-webdriver\lib\promise.js:1077:7)
                    at ControlFlow.promise (C:\Users\gebirecki\AppData\Roaming\npm\node_modules\protractor\node_modules\selenium-webdriver\lib\promise.js:2505:12)
                    at schedulerExecute (C:\Users\gebirecki\AppData\Roaming\npm\node_modules\protractor\node_modules\jasminewd2\index.js:95:18)
                    at TaskQueue.execute_ (C:\Users\gebirecki\AppData\Roaming\npm\node_modules\protractor\node_modules\selenium-webdriver\lib\promise.js:3084:14)
                    at TaskQueue.executeNext_ (C:\Users\gebirecki\AppData\Roaming\npm\node_modules\protractor\node_modules\selenium-webdriver\lib\promise.js:3067:27)
                From: Task: Run it("Create Manifest - Add PO") in control flow
                    at UserContext.&lt;anonymous> (C:\Users\gebirecki\AppData\Roaming\npm\node_modules\protractor\node_modules\jasminewd2\index.js:94:19)
                    at attempt (C:\Users\gebirecki\AppData\Roaming\npm\node_modules\protractor\node_modules\jasmine-core\lib\jasmine-core\jasmine.js:4297:26)
                    at QueueRunner.run (C:\Users\gebirecki\AppData\Roaming\npm\node_modules\protractor\node_modules\jasmine-core\lib\jasmine-core\jasmine.js:4217:20)
                    at runNext (C:\Users\gebirecki\AppData\Roaming\npm\node_modules\protractor\node_modules\jasmine-core\lib\jasmine-core\jasmine.js:4257:20)
                    at C:\Users\gebirecki\AppData\Roaming\npm\node_modules\protractor\node_modules\jasmine-core\lib\jasmine-core\jasmine.js:4264:13
                    at C:\Users\gebirecki\AppData\Roaming\npm\node_modules\protractor\node_modules\jasmine-core\lib\jasmine-core\jasmine.js:4172:9
                    at C:\Users\gebirecki\AppData\Roaming\npm\node_modules\protractor\node_modules\jasminewd2\index.js:64:48
                    at ControlFlow.emit (C:\Users\gebirecki\AppData\Roaming\npm\node_modules\protractor\node_modules\selenium-webdriver\lib\events.js:62:21)
                    at ControlFlow.shutdown_ (C:\Users\gebirecki\AppData\Roaming\npm\node_modules\protractor\node_modules\selenium-webdriver\lib\promise.js:2674:10)
                    at shutdownTask_.MicroTask (C:\Users\gebirecki\AppData\Roaming\npm\node_modules\protractor\node_modules\selenium-webdriver\lib\promise.js:2599:53)
                From asynchronous test: 
                Error
                    at Suite.eval (eval at &lt;anonymous> (C:\Users\gebirecki\protractorworkspace\ProtractorAutomation\Fork.js:157:1), &lt;anonymous>:57:2)
                    at addSpecsToSuite (C:\Users\gebirecki\AppData\Roaming\npm\node_modules\protractor\node_modules\jasmine-core\lib\jasmine-core\jasmine.js:1107:25)
                    at Env.describe (C:\Users\gebirecki\AppData\Roaming\npm\node_modules\protractor\node_modules\jasmine-core\lib\jasmine-core\jasmine.js:1074:7)
                    at describe (C:\Users\gebirecki\AppData\Roaming\npm\node_modules\protractor\node_modules\jasmine-core\lib\jasmine-core\jasmine.js:4399:18)
                    at eval (eval at &lt;anonymous> (C:\Users\gebirecki\protractorworkspace\ProtractorAutomation\Fork.js:157:1), &lt;anonymous>:4:1)
                    at Object.&lt;anonymous> (C:\Users\gebirecki\protractorworkspace\ProtractorAutomation\Fork.js:157:1)
                    at Module._compile (internal/modules/cjs/loader.js:689:30)
                    at Object.Module._extensions..js (internal/modules/cjs/loader.js:700:10)
                    at Module.load (internal/modules/cjs/loader.js:599:32)</stack-trace>
            </failure>
        </test-case>
        <test-case start='1548278312378' status='failed' stop='1548278313504'>
            <name>Create Manifest</name>
            <title>Create Manifest</title>
            <labels/>
            <parameters/>
            <steps/>
            <attachments>
                <attachment title='Screenshot' source='d5c90bb3-1448-47d1-8c48-c565173ad569-attachment.png' type='image/png' size='109962'/>
            </attachments>
            <failure>
                <message>Failed: element not interactable
                  (Session info: chrome=71.0.3578.98)
                  (Driver info: chromedriver=2.44.609538 (b655c5a60b0b544917107a59d4153d4bf78e1b90),platform=Windows NT 10.0.15063 x86_64)</message>
                <stack-trace>ElementNotVisibleError: element not interactable
                  (Session info: chrome=71.0.3578.98)
                  (Driver info: chromedriver=2.44.609538 (b655c5a60b0b544917107a59d4153d4bf78e1b90),platform=Windows NT 10.0.15063 x86_64)
                    at Object.checkLegacyResponse (C:\Users\gebirecki\AppData\Roaming\npm\node_modules\protractor\node_modules\selenium-webdriver\lib\error.js:546:15)
                    at parseHttpResponse (C:\Users\gebirecki\AppData\Roaming\npm\node_modules\protractor\node_modules\selenium-webdriver\lib\http.js:509:13)
                    at doSend.then.response (C:\Users\gebirecki\AppData\Roaming\npm\node_modules\protractor\node_modules\selenium-webdriver\lib\http.js:441:30)
                    at process._tickCallback (internal/process/next_tick.js:68:7)
                From: Task: WebElement.click()
                    at Driver.schedule (C:\Users\gebirecki\AppData\Roaming\npm\node_modules\protractor\node_modules\selenium-webdriver\lib\webdriver.js:807:17)
                    at WebElement.schedule_ (C:\Users\gebirecki\AppData\Roaming\npm\node_modules\protractor\node_modules\selenium-webdriver\lib\webdriver.js:2010:25)
                    at WebElement.click (C:\Users\gebirecki\AppData\Roaming\npm\node_modules\protractor\node_modules\selenium-webdriver\lib\webdriver.js:2092:17)
                    at actionFn (C:\Users\gebirecki\AppData\Roaming\npm\node_modules\protractor\built\element.js:89:44)
                    at Array.map (&lt;anonymous>)
                    at actionResults.getWebElements.then (C:\Users\gebirecki\AppData\Roaming\npm\node_modules\protractor\built\element.js:461:65)
                    at ManagedPromise.invokeCallback_ (C:\Users\gebirecki\AppData\Roaming\npm\node_modules\protractor\node_modules\selenium-webdriver\lib\promise.js:1376:14)
                    at TaskQueue.execute_ (C:\Users\gebirecki\AppData\Roaming\npm\node_modules\protractor\node_modules\selenium-webdriver\lib\promise.js:3084:14)
                    at TaskQueue.executeNext_ (C:\Users\gebirecki\AppData\Roaming\npm\node_modules\protractor\node_modules\selenium-webdriver\lib\promise.js:3067:27)
                    at asyncRun (C:\Users\gebirecki\AppData\Roaming\npm\node_modules\protractor\node_modules\selenium-webdriver\lib\promise.js:2927:27)Error
                    at ElementArrayFinder.applyAction_ (C:\Users\gebirecki\AppData\Roaming\npm\node_modules\protractor\built\element.js:459:27)
                    at ElementArrayFinder.(anonymous function).args [as click] (C:\Users\gebirecki\AppData\Roaming\npm\node_modules\protractor\built\element.js:91:29)
                    at ElementFinder.(anonymous function).args [as click] (C:\Users\gebirecki\AppData\Roaming\npm\node_modules\protractor\built\element.js:831:22)
                    at UserContext.eval (eval at &lt;anonymous> (C:\Users\gebirecki\protractorworkspace\ProtractorAutomation\Fork.js:157:1), &lt;anonymous>:84:116)
                    at C:\Users\gebirecki\AppData\Roaming\npm\node_modules\protractor\node_modules\jasminewd2\index.js:112:25
                    at new ManagedPromise (C:\Users\gebirecki\AppData\Roaming\npm\node_modules\protractor\node_modules\selenium-webdriver\lib\promise.js:1077:7)
                    at ControlFlow.promise (C:\Users\gebirecki\AppData\Roaming\npm\node_modules\protractor\node_modules\selenium-webdriver\lib\promise.js:2505:12)
                    at schedulerExecute (C:\Users\gebirecki\AppData\Roaming\npm\node_modules\protractor\node_modules\jasminewd2\index.js:95:18)
                    at TaskQueue.execute_ (C:\Users\gebirecki\AppData\Roaming\npm\node_modules\protractor\node_modules\selenium-webdriver\lib\promise.js:3084:14)
                    at TaskQueue.executeNext_ (C:\Users\gebirecki\AppData\Roaming\npm\node_modules\protractor\node_modules\selenium-webdriver\lib\promise.js:3067:27)
                From: Task: Run it("Create Manifest") in control flow
                    at UserContext.&lt;anonymous> (C:\Users\gebirecki\AppData\Roaming\npm\node_modules\protractor\node_modules\jasminewd2\index.js:94:19)
                    at attempt (C:\Users\gebirecki\AppData\Roaming\npm\node_modules\protractor\node_modules\jasmine-core\lib\jasmine-core\jasmine.js:4297:26)
                    at QueueRunner.run (C:\Users\gebirecki\AppData\Roaming\npm\node_modules\protractor\node_modules\jasmine-core\lib\jasmine-core\jasmine.js:4217:20)
                    at runNext (C:\Users\gebirecki\AppData\Roaming\npm\node_modules\protractor\node_modules\jasmine-core\lib\jasmine-core\jasmine.js:4257:20)
                    at C:\Users\gebirecki\AppData\Roaming\npm\node_modules\protractor\node_modules\jasmine-core\lib\jasmine-core\jasmine.js:4264:13
                    at C:\Users\gebirecki\AppData\Roaming\npm\node_modules\protractor\node_modules\jasmine-core\lib\jasmine-core\jasmine.js:4172:9
                    at C:\Users\gebirecki\AppData\Roaming\npm\node_modules\protractor\node_modules\jasminewd2\index.js:64:48
                    at ControlFlow.emit (C:\Users\gebirecki\AppData\Roaming\npm\node_modules\protractor\node_modules\selenium-webdriver\lib\events.js:62:21)
                    at ControlFlow.shutdown_ (C:\Users\gebirecki\AppData\Roaming\npm\node_modules\protractor\node_modules\selenium-webdriver\lib\promise.js:2674:10)
                    at shutdownTask_.MicroTask (C:\Users\gebirecki\AppData\Roaming\npm\node_modules\protractor\node_modules\selenium-webdriver\lib\promise.js:2599:53)
                From asynchronous test: 
                Error
                    at Suite.eval (eval at &lt;anonymous> (C:\Users\gebirecki\protractorworkspace\ProtractorAutomation\Fork.js:157:1), &lt;anonymous>:83:2)
                    at addSpecsToSuite (C:\Users\gebirecki\AppData\Roaming\npm\node_modules\protractor\node_modules\jasmine-core\lib\jasmine-core\jasmine.js:1107:25)
                    at Env.describe (C:\Users\gebirecki\AppData\Roaming\npm\node_modules\protractor\node_modules\jasmine-core\lib\jasmine-core\jasmine.js:1074:7)
                    at describe (C:\Users\gebirecki\AppData\Roaming\npm\node_modules\protractor\node_modules\jasmine-core\lib\jasmine-core\jasmine.js:4399:18)
                    at eval (eval at &lt;anonymous> (C:\Users\gebirecki\protractorworkspace\ProtractorAutomation\Fork.js:157:1), &lt;anonymous>:4:1)
                    at Object.&lt;anonymous> (C:\Users\gebirecki\protractorworkspace\ProtractorAutomation\Fork.js:157:1)
                    at Module._compile (internal/modules/cjs/loader.js:689:30)
                    at Object.Module._extensions..js (internal/modules/cjs/loader.js:700:10)
                    at Module.load (internal/modules/cjs/loader.js:599:32)</stack-trace>
            </failure>
        </test-case>
        <test-case start='1548278313504' status='failed' stop='1548278320995'>
            <name>Delete Manifest</name>
            <title>Delete Manifest</title>
            <labels/>
            <parameters/>
            <steps/>
            <attachments>
                <attachment title='Screenshot' source='eaf4705d-32c7-49be-9788-bfc0e627c82b-attachment.png' type='image/png' size='43458'/>
            </attachments>
            <failure>
                <message>Failed: unknown error: Element &lt;a>...&lt;/a> is not clickable at point (190, 413). Other element would receive the click: &lt;div class="modal-content">...&lt;/div>
                  (Session info: chrome=71.0.3578.98)
                  (Driver info: chromedriver=2.44.609538 (b655c5a60b0b544917107a59d4153d4bf78e1b90),platform=Windows NT 10.0.15063 x86_64)</message>
                <stack-trace>WebDriverError: unknown error: Element &lt;a>...&lt;/a> is not clickable at point (190, 413). Other element would receive the click: &lt;div class="modal-content">...&lt;/div>
                  (Session info: chrome=71.0.3578.98)
                  (Driver info: chromedriver=2.44.609538 (b655c5a60b0b544917107a59d4153d4bf78e1b90),platform=Windows NT 10.0.15063 x86_64)
                    at Object.checkLegacyResponse (C:\Users\gebirecki\AppData\Roaming\npm\node_modules\protractor\node_modules\selenium-webdriver\lib\error.js:546:15)
                    at parseHttpResponse (C:\Users\gebirecki\AppData\Roaming\npm\node_modules\protractor\node_modules\selenium-webdriver\lib\http.js:509:13)
                    at doSend.then.response (C:\Users\gebirecki\AppData\Roaming\npm\node_modules\protractor\node_modules\selenium-webdriver\lib\http.js:441:30)
                    at process._tickCallback (internal/process/next_tick.js:68:7)
                From: Task: WebElement.click()
                    at Driver.schedule (C:\Users\gebirecki\AppData\Roaming\npm\node_modules\protractor\node_modules\selenium-webdriver\lib\webdriver.js:807:17)
                    at WebElement.schedule_ (C:\Users\gebirecki\AppData\Roaming\npm\node_modules\protractor\node_modules\selenium-webdriver\lib\webdriver.js:2010:25)
                    at WebElement.click (C:\Users\gebirecki\AppData\Roaming\npm\node_modules\protractor\node_modules\selenium-webdriver\lib\webdriver.js:2092:17)
                    at actionFn (C:\Users\gebirecki\AppData\Roaming\npm\node_modules\protractor\built\element.js:89:44)
                    at Array.map (&lt;anonymous>)
                    at actionResults.getWebElements.then (C:\Users\gebirecki\AppData\Roaming\npm\node_modules\protractor\built\element.js:461:65)
                    at ManagedPromise.invokeCallback_ (C:\Users\gebirecki\AppData\Roaming\npm\node_modules\protractor\node_modules\selenium-webdriver\lib\promise.js:1376:14)
                    at TaskQueue.execute_ (C:\Users\gebirecki\AppData\Roaming\npm\node_modules\protractor\node_modules\selenium-webdriver\lib\promise.js:3084:14)
                    at TaskQueue.executeNext_ (C:\Users\gebirecki\AppData\Roaming\npm\node_modules\protractor\node_modules\selenium-webdriver\lib\promise.js:3067:27)
                    at asyncRun (C:\Users\gebirecki\AppData\Roaming\npm\node_modules\protractor\node_modules\selenium-webdriver\lib\promise.js:2927:27)Error
                    at ElementArrayFinder.applyAction_ (C:\Users\gebirecki\AppData\Roaming\npm\node_modules\protractor\built\element.js:459:27)
                    at ElementArrayFinder.(anonymous function).args [as click] (C:\Users\gebirecki\AppData\Roaming\npm\node_modules\protractor\built\element.js:91:29)
                    at ElementFinder.(anonymous function).args [as click] (C:\Users\gebirecki\AppData\Roaming\npm\node_modules\protractor\built\element.js:831:22)
                    at UserContext.eval (eval at &lt;anonymous> (C:\Users\gebirecki\protractorworkspace\ProtractorAutomation\Fork.js:157:1), &lt;anonymous>:96:225)
                    at C:\Users\gebirecki\AppData\Roaming\npm\node_modules\protractor\node_modules\jasminewd2\index.js:112:25
                    at new ManagedPromise (C:\Users\gebirecki\AppData\Roaming\npm\node_modules\protractor\node_modules\selenium-webdriver\lib\promise.js:1077:7)
                    at ControlFlow.promise (C:\Users\gebirecki\AppData\Roaming\npm\node_modules\protractor\node_modules\selenium-webdriver\lib\promise.js:2505:12)
                    at schedulerExecute (C:\Users\gebirecki\AppData\Roaming\npm\node_modules\protractor\node_modules\jasminewd2\index.js:95:18)
                    at TaskQueue.execute_ (C:\Users\gebirecki\AppData\Roaming\npm\node_modules\protractor\node_modules\selenium-webdriver\lib\promise.js:3084:14)
                    at TaskQueue.executeNext_ (C:\Users\gebirecki\AppData\Roaming\npm\node_modules\protractor\node_modules\selenium-webdriver\lib\promise.js:3067:27)
                From: Task: Run it("Delete Manifest") in control flow
                    at UserContext.&lt;anonymous> (C:\Users\gebirecki\AppData\Roaming\npm\node_modules\protractor\node_modules\jasminewd2\index.js:94:19)
                    at attempt (C:\Users\gebirecki\AppData\Roaming\npm\node_modules\protractor\node_modules\jasmine-core\lib\jasmine-core\jasmine.js:4297:26)
                    at QueueRunner.run (C:\Users\gebirecki\AppData\Roaming\npm\node_modules\protractor\node_modules\jasmine-core\lib\jasmine-core\jasmine.js:4217:20)
                    at runNext (C:\Users\gebirecki\AppData\Roaming\npm\node_modules\protractor\node_modules\jasmine-core\lib\jasmine-core\jasmine.js:4257:20)
                    at C:\Users\gebirecki\AppData\Roaming\npm\node_modules\protractor\node_modules\jasmine-core\lib\jasmine-core\jasmine.js:4264:13
                    at C:\Users\gebirecki\AppData\Roaming\npm\node_modules\protractor\node_modules\jasmine-core\lib\jasmine-core\jasmine.js:4172:9
                    at C:\Users\gebirecki\AppData\Roaming\npm\node_modules\protractor\node_modules\jasminewd2\index.js:64:48
                    at ControlFlow.emit (C:\Users\gebirecki\AppData\Roaming\npm\node_modules\protractor\node_modules\selenium-webdriver\lib\events.js:62:21)
                    at ControlFlow.shutdown_ (C:\Users\gebirecki\AppData\Roaming\npm\node_modules\protractor\node_modules\selenium-webdriver\lib\promise.js:2674:10)
                    at shutdownTask_.MicroTask (C:\Users\gebirecki\AppData\Roaming\npm\node_modules\protractor\node_modules\selenium-webdriver\lib\promise.js:2599:53)
                From asynchronous test: 
                Error
                    at Suite.eval (eval at &lt;anonymous> (C:\Users\gebirecki\protractorworkspace\ProtractorAutomation\Fork.js:157:1), &lt;anonymous>:89:2)
                    at addSpecsToSuite (C:\Users\gebirecki\AppData\Roaming\npm\node_modules\protractor\node_modules\jasmine-core\lib\jasmine-core\jasmine.js:1107:25)
                    at Env.describe (C:\Users\gebirecki\AppData\Roaming\npm\node_modules\protractor\node_modules\jasmine-core\lib\jasmine-core\jasmine.js:1074:7)
                    at describe (C:\Users\gebirecki\AppData\Roaming\npm\node_modules\protractor\node_modules\jasmine-core\lib\jasmine-core\jasmine.js:4399:18)
                    at eval (eval at &lt;anonymous> (C:\Users\gebirecki\protractorworkspace\ProtractorAutomation\Fork.js:157:1), &lt;anonymous>:4:1)
                    at Object.&lt;anonymous> (C:\Users\gebirecki\protractorworkspace\ProtractorAutomation\Fork.js:157:1)
                    at Module._compile (internal/modules/cjs/loader.js:689:30)
                    at Object.Module._extensions..js (internal/modules/cjs/loader.js:700:10)
                    at Module.load (internal/modules/cjs/loader.js:599:32)</stack-trace>
            </failure>
        </test-case>
    </test-cases>
</ns2:test-suite>