<?xml version='1.0'?>
<ns2:test-suite xmlns:ns2='urn:model.allure.qatools.yandex.ru' start='1548348162890' stop='1548348257683'>
    <name>Shipping Manifest Automation Test-20190124-11-42-42</name>
    <title>Shipping Manifest Automation Test-20190124-11-42-42</title>
    <test-cases>
        <test-case start='1548348162893' status='failed' stop='1548348185266'>
            <name>Create Manifest</name>
            <title>Create Manifest</title>
            <labels/>
            <parameters/>
            <steps/>
            <attachments>
                <attachment title='Screenshot' source='3d5a5de7-5590-4899-973d-1d4e9c7bd704-attachment.png' type='image/png' size='52147'/>
            </attachments>
            <failure>
                <message>Expected 'All' to equal 'Nissan'.</message>
                <stack-trace>Error: Failed expectation
                    at eval (eval at &lt;anonymous> (C:\Users\gebirecki\protractorworkspace\ProtractorAutomation\Fork.js:165:1), &lt;anonymous>:34:82)
                    at elementArrayFinder_.then (C:\Users\gebirecki\AppData\Roaming\npm\node_modules\protractor\built\element.js:804:32)
                    at ManagedPromise.invokeCallback_ (C:\Users\gebirecki\AppData\Roaming\npm\node_modules\protractor\node_modules\selenium-webdriver\lib\promise.js:1376:14)
                    at TaskQueue.execute_ (C:\Users\gebirecki\AppData\Roaming\npm\node_modules\protractor\node_modules\selenium-webdriver\lib\promise.js:3084:14)
                    at TaskQueue.executeNext_ (C:\Users\gebirecki\AppData\Roaming\npm\node_modules\protractor\node_modules\selenium-webdriver\lib\promise.js:3067:27)
                    at asyncRun (C:\Users\gebirecki\AppData\Roaming\npm\node_modules\protractor\node_modules\selenium-webdriver\lib\promise.js:2927:27)
                    at C:\Users\gebirecki\AppData\Roaming\npm\node_modules\protractor\node_modules\selenium-webdriver\lib\promise.js:668:7
                    at process._tickCallback (internal/process/next_tick.js:68:7)</stack-trace>
            </failure>
        </test-case>
        <test-case start='1548348185268' status='failed' stop='1548348203393'>
            <name>Create Manifest - Add SO</name>
            <title>Create Manifest - Add SO</title>
            <labels/>
            <parameters/>
            <steps/>
            <attachments/>
            <failure>
                <message>WebDriverError: chrome not reachable
                  (Session info: chrome=71.0.3578.98)
                  (Driver info: chromedriver=2.44.609538 (b655c5a60b0b544917107a59d4153d4bf78e1b90),platform=Windows NT 10.0.15063 x86_64)</message>
                <stack-trace>WebDriverError: chrome not reachable
                  (Session info: chrome=71.0.3578.98)
                  (Driver info: chromedriver=2.44.609538 (b655c5a60b0b544917107a59d4153d4bf78e1b90),platform=Windows NT 10.0.15063 x86_64)
                    at Object.checkLegacyResponse (C:\Users\gebirecki\AppData\Roaming\npm\node_modules\protractor\node_modules\selenium-webdriver\lib\error.js:546:15)
                    at parseHttpResponse (C:\Users\gebirecki\AppData\Roaming\npm\node_modules\protractor\node_modules\selenium-webdriver\lib\http.js:509:13)
                    at doSend.then.response (C:\Users\gebirecki\AppData\Roaming\npm\node_modules\protractor\node_modules\selenium-webdriver\lib\http.js:441:30)
                    at process._tickCallback (internal/process/next_tick.js:68:7)
                From: Task: WebDriver.takeScreenshot()
                    at Driver.schedule (C:\Users\gebirecki\AppData\Roaming\npm\node_modules\protractor\node_modules\selenium-webdriver\lib\webdriver.js:807:17)
                    at Driver.takeScreenshot (C:\Users\gebirecki\AppData\Roaming\npm\node_modules\protractor\node_modules\selenium-webdriver\lib\webdriver.js:1085:17)
                    at run (C:\Users\gebirecki\AppData\Roaming\npm\node_modules\protractor\built\browser.js:59:33)
                    at ProtractorBrowser.to.(anonymous function) [as takeScreenshot] (C:\Users\gebirecki\AppData\Roaming\npm\node_modules\protractor\built\browser.js:67:16)
                    at Jasmine2HTMLReporter.self.specDone (C:\Users\gebirecki\protractorworkspace\ProtractorAutomation\node_modules\protractor-jasmine2-html-reporter\index.js:203:21)
                    at dispatch (C:\Users\gebirecki\AppData\Roaming\npm\node_modules\protractor\node_modules\jasmine-core\lib\jasmine-core\jasmine.js:4366:28)
                    at ReportDispatcher.specDone (C:\Users\gebirecki\AppData\Roaming\npm\node_modules\protractor\node_modules\jasmine-core\lib\jasmine-core\jasmine.js:4337:11)
                    at Spec.specResultCallback [as resultCallback] (C:\Users\gebirecki\AppData\Roaming\npm\node_modules\protractor\node_modules\jasmine-core\lib\jasmine-core\jasmine.js:1175:18)
                    at QueueRunner.complete [as onComplete] (C:\Users\gebirecki\AppData\Roaming\npm\node_modules\protractor\node_modules\jasmine-core\lib\jasmine-core\jasmine.js:530:12)
                    at Immediate.&lt;anonymous> (C:\Users\gebirecki\AppData\Roaming\npm\node_modules\protractor\node_modules\jasmine-core\lib\jasmine-core\jasmine.js:4231:12)</stack-trace>
            </failure>
        </test-case>
        <test-case start='1548348203394' status='failed' stop='1548348221482'>
            <name>Create Manifest - Add PO</name>
            <title>Create Manifest - Add PO</title>
            <labels/>
            <parameters/>
            <steps/>
            <attachments/>
            <failure>
                <message>WebDriverError: chrome not reachable
                  (Session info: chrome=71.0.3578.98)
                  (Driver info: chromedriver=2.44.609538 (b655c5a60b0b544917107a59d4153d4bf78e1b90),platform=Windows NT 10.0.15063 x86_64)</message>
                <stack-trace>WebDriverError: chrome not reachable
                  (Session info: chrome=71.0.3578.98)
                  (Driver info: chromedriver=2.44.609538 (b655c5a60b0b544917107a59d4153d4bf78e1b90),platform=Windows NT 10.0.15063 x86_64)
                    at Object.checkLegacyResponse (C:\Users\gebirecki\AppData\Roaming\npm\node_modules\protractor\node_modules\selenium-webdriver\lib\error.js:546:15)
                    at parseHttpResponse (C:\Users\gebirecki\AppData\Roaming\npm\node_modules\protractor\node_modules\selenium-webdriver\lib\http.js:509:13)
                    at doSend.then.response (C:\Users\gebirecki\AppData\Roaming\npm\node_modules\protractor\node_modules\selenium-webdriver\lib\http.js:441:30)
                    at process._tickCallback (internal/process/next_tick.js:68:7)
                From: Task: WebDriver.takeScreenshot()
                    at Driver.schedule (C:\Users\gebirecki\AppData\Roaming\npm\node_modules\protractor\node_modules\selenium-webdriver\lib\webdriver.js:807:17)
                    at Driver.takeScreenshot (C:\Users\gebirecki\AppData\Roaming\npm\node_modules\protractor\node_modules\selenium-webdriver\lib\webdriver.js:1085:17)
                    at run (C:\Users\gebirecki\AppData\Roaming\npm\node_modules\protractor\built\browser.js:59:33)
                    at ProtractorBrowser.to.(anonymous function) [as takeScreenshot] (C:\Users\gebirecki\AppData\Roaming\npm\node_modules\protractor\built\browser.js:67:16)
                    at Jasmine2HTMLReporter.self.specDone (C:\Users\gebirecki\protractorworkspace\ProtractorAutomation\node_modules\protractor-jasmine2-html-reporter\index.js:203:21)
                    at dispatch (C:\Users\gebirecki\AppData\Roaming\npm\node_modules\protractor\node_modules\jasmine-core\lib\jasmine-core\jasmine.js:4366:28)
                    at ReportDispatcher.specDone (C:\Users\gebirecki\AppData\Roaming\npm\node_modules\protractor\node_modules\jasmine-core\lib\jasmine-core\jasmine.js:4337:11)
                    at Spec.specResultCallback [as resultCallback] (C:\Users\gebirecki\AppData\Roaming\npm\node_modules\protractor\node_modules\jasmine-core\lib\jasmine-core\jasmine.js:1175:18)
                    at QueueRunner.complete [as onComplete] (C:\Users\gebirecki\AppData\Roaming\npm\node_modules\protractor\node_modules\jasmine-core\lib\jasmine-core\jasmine.js:530:12)
                    at Immediate.&lt;anonymous> (C:\Users\gebirecki\AppData\Roaming\npm\node_modules\protractor\node_modules\jasmine-core\lib\jasmine-core\jasmine.js:4231:12)</stack-trace>
            </failure>
        </test-case>
        <test-case start='1548348221483' status='failed' stop='1548348239574'>
            <name>Create Manifest</name>
            <title>Create Manifest</title>
            <labels/>
            <parameters/>
            <steps/>
            <attachments/>
            <failure>
                <message>WebDriverError: chrome not reachable
                  (Session info: chrome=71.0.3578.98)
                  (Driver info: chromedriver=2.44.609538 (b655c5a60b0b544917107a59d4153d4bf78e1b90),platform=Windows NT 10.0.15063 x86_64)</message>
                <stack-trace>WebDriverError: chrome not reachable
                  (Session info: chrome=71.0.3578.98)
                  (Driver info: chromedriver=2.44.609538 (b655c5a60b0b544917107a59d4153d4bf78e1b90),platform=Windows NT 10.0.15063 x86_64)
                    at Object.checkLegacyResponse (C:\Users\gebirecki\AppData\Roaming\npm\node_modules\protractor\node_modules\selenium-webdriver\lib\error.js:546:15)
                    at parseHttpResponse (C:\Users\gebirecki\AppData\Roaming\npm\node_modules\protractor\node_modules\selenium-webdriver\lib\http.js:509:13)
                    at doSend.then.response (C:\Users\gebirecki\AppData\Roaming\npm\node_modules\protractor\node_modules\selenium-webdriver\lib\http.js:441:30)
                    at process._tickCallback (internal/process/next_tick.js:68:7)
                From: Task: WebDriver.takeScreenshot()
                    at Driver.schedule (C:\Users\gebirecki\AppData\Roaming\npm\node_modules\protractor\node_modules\selenium-webdriver\lib\webdriver.js:807:17)
                    at Driver.takeScreenshot (C:\Users\gebirecki\AppData\Roaming\npm\node_modules\protractor\node_modules\selenium-webdriver\lib\webdriver.js:1085:17)
                    at run (C:\Users\gebirecki\AppData\Roaming\npm\node_modules\protractor\built\browser.js:59:33)
                    at ProtractorBrowser.to.(anonymous function) [as takeScreenshot] (C:\Users\gebirecki\AppData\Roaming\npm\node_modules\protractor\built\browser.js:67:16)
                    at Jasmine2HTMLReporter.self.specDone (C:\Users\gebirecki\protractorworkspace\ProtractorAutomation\node_modules\protractor-jasmine2-html-reporter\index.js:203:21)
                    at dispatch (C:\Users\gebirecki\AppData\Roaming\npm\node_modules\protractor\node_modules\jasmine-core\lib\jasmine-core\jasmine.js:4366:28)
                    at ReportDispatcher.specDone (C:\Users\gebirecki\AppData\Roaming\npm\node_modules\protractor\node_modules\jasmine-core\lib\jasmine-core\jasmine.js:4337:11)
                    at Spec.specResultCallback [as resultCallback] (C:\Users\gebirecki\AppData\Roaming\npm\node_modules\protractor\node_modules\jasmine-core\lib\jasmine-core\jasmine.js:1175:18)
                    at QueueRunner.complete [as onComplete] (C:\Users\gebirecki\AppData\Roaming\npm\node_modules\protractor\node_modules\jasmine-core\lib\jasmine-core\jasmine.js:530:12)
                    at Immediate.&lt;anonymous> (C:\Users\gebirecki\AppData\Roaming\npm\node_modules\protractor\node_modules\jasmine-core\lib\jasmine-core\jasmine.js:4231:12)</stack-trace>
            </failure>
        </test-case>
        <test-case start='1548348239574' status='failed' stop='1548348257679'>
            <name>Delete Manifest</name>
            <title>Delete Manifest</title>
            <labels/>
            <parameters/>
            <steps/>
            <attachments/>
            <failure>
                <message>WebDriverError: chrome not reachable
                  (Session info: chrome=71.0.3578.98)
                  (Driver info: chromedriver=2.44.609538 (b655c5a60b0b544917107a59d4153d4bf78e1b90),platform=Windows NT 10.0.15063 x86_64)</message>
                <stack-trace>WebDriverError: chrome not reachable
                  (Session info: chrome=71.0.3578.98)
                  (Driver info: chromedriver=2.44.609538 (b655c5a60b0b544917107a59d4153d4bf78e1b90),platform=Windows NT 10.0.15063 x86_64)
                    at Object.checkLegacyResponse (C:\Users\gebirecki\AppData\Roaming\npm\node_modules\protractor\node_modules\selenium-webdriver\lib\error.js:546:15)
                    at parseHttpResponse (C:\Users\gebirecki\AppData\Roaming\npm\node_modules\protractor\node_modules\selenium-webdriver\lib\http.js:509:13)
                    at doSend.then.response (C:\Users\gebirecki\AppData\Roaming\npm\node_modules\protractor\node_modules\selenium-webdriver\lib\http.js:441:30)
                    at process._tickCallback (internal/process/next_tick.js:68:7)
                From: Task: WebDriver.takeScreenshot()
                    at Driver.schedule (C:\Users\gebirecki\AppData\Roaming\npm\node_modules\protractor\node_modules\selenium-webdriver\lib\webdriver.js:807:17)
                    at Driver.takeScreenshot (C:\Users\gebirecki\AppData\Roaming\npm\node_modules\protractor\node_modules\selenium-webdriver\lib\webdriver.js:1085:17)
                    at run (C:\Users\gebirecki\AppData\Roaming\npm\node_modules\protractor\built\browser.js:59:33)
                    at ProtractorBrowser.to.(anonymous function) [as takeScreenshot] (C:\Users\gebirecki\AppData\Roaming\npm\node_modules\protractor\built\browser.js:67:16)
                    at Jasmine2HTMLReporter.self.specDone (C:\Users\gebirecki\protractorworkspace\ProtractorAutomation\node_modules\protractor-jasmine2-html-reporter\index.js:203:21)
                    at dispatch (C:\Users\gebirecki\AppData\Roaming\npm\node_modules\protractor\node_modules\jasmine-core\lib\jasmine-core\jasmine.js:4366:28)
                    at ReportDispatcher.specDone (C:\Users\gebirecki\AppData\Roaming\npm\node_modules\protractor\node_modules\jasmine-core\lib\jasmine-core\jasmine.js:4337:11)
                    at Spec.specResultCallback [as resultCallback] (C:\Users\gebirecki\AppData\Roaming\npm\node_modules\protractor\node_modules\jasmine-core\lib\jasmine-core\jasmine.js:1175:18)
                    at QueueRunner.complete [as onComplete] (C:\Users\gebirecki\AppData\Roaming\npm\node_modules\protractor\node_modules\jasmine-core\lib\jasmine-core\jasmine.js:530:12)
                    at Immediate.&lt;anonymous> (C:\Users\gebirecki\AppData\Roaming\npm\node_modules\protractor\node_modules\jasmine-core\lib\jasmine-core\jasmine.js:4231:12)</stack-trace>
            </failure>
        </test-case>
    </test-cases>
</ns2:test-suite>