<?xml version='1.0'?>
<ns2:test-suite xmlns:ns2='urn:model.allure.qatools.yandex.ru' start='1548442476582' stop='1548442526638'>
    <name>Shipping Manifest Automation Test-20190125-13-54-36</name>
    <title>Shipping Manifest Automation Test-20190125-13-54-36</title>
    <test-cases>
        <test-case start='1548442476584' status='passed' stop='1548442506054'>
            <name>Create Manifest</name>
            <title>Create Manifest</title>
            <labels/>
            <parameters/>
            <steps/>
            <attachments>
                <attachment title='Screenshot' source='1537b8c6-1e9a-495b-a61a-d6c5f682c000-attachment.png' type='image/png' size='51804'/>
            </attachments>
        </test-case>
        <test-case start='1548442506055' status='passed' stop='1548442509946'>
            <name>Create Manifest - Add SO</name>
            <title>Create Manifest - Add SO</title>
            <labels/>
            <parameters/>
            <steps/>
            <attachments>
                <attachment title='Screenshot' source='d3738411-0ab9-4761-96b7-b6c843bbfa5f-attachment.png' type='image/png' size='74256'/>
            </attachments>
        </test-case>
        <test-case start='1548442509947' status='failed' stop='1548442520593'>
            <name>Create Manifest - Add PO</name>
            <title>Create Manifest - Add PO</title>
            <labels/>
            <parameters/>
            <steps/>
            <attachments>
                <attachment title='Screenshot' source='2cb06c0e-c580-4c45-889e-d169adab077f-attachment.png' type='image/png' size='85328'/>
            </attachments>
            <failure>
                <message>Expected 'Order 059127 successfully added to manifest' to equal 'Order 059127 successfully added to manifest.'.</message>
                <stack-trace>Error: Failed expectation
                    at UserContext.eval (eval at &lt;anonymous> (C:\Users\gebirecki\protractorworkspace\ProtractorAutomation\Fork.js:174:1), &lt;anonymous>:79:135)
                    at C:\Users\gebirecki\AppData\Roaming\npm\node_modules\protractor\node_modules\jasminewd2\index.js:112:25
                    at new ManagedPromise (C:\Users\gebirecki\AppData\Roaming\npm\node_modules\protractor\node_modules\selenium-webdriver\lib\promise.js:1077:7)
                    at ControlFlow.promise (C:\Users\gebirecki\AppData\Roaming\npm\node_modules\protractor\node_modules\selenium-webdriver\lib\promise.js:2505:12)
                    at schedulerExecute (C:\Users\gebirecki\AppData\Roaming\npm\node_modules\protractor\node_modules\jasminewd2\index.js:95:18)
                    at TaskQueue.execute_ (C:\Users\gebirecki\AppData\Roaming\npm\node_modules\protractor\node_modules\selenium-webdriver\lib\promise.js:3084:14)
                    at TaskQueue.executeNext_ (C:\Users\gebirecki\AppData\Roaming\npm\node_modules\protractor\node_modules\selenium-webdriver\lib\promise.js:3067:27)
                    at asyncRun (C:\Users\gebirecki\AppData\Roaming\npm\node_modules\protractor\node_modules\selenium-webdriver\lib\promise.js:2974:25)
                    at C:\Users\gebirecki\AppData\Roaming\npm\node_modules\protractor\node_modules\selenium-webdriver\lib\promise.js:668:7</stack-trace>
            </failure>
        </test-case>
        <test-case start='1548442520593' status='passed' stop='1548442525433'>
            <name>Create Manifest</name>
            <title>Create Manifest</title>
            <labels/>
            <parameters/>
            <steps/>
            <attachments>
                <attachment title='Screenshot' source='02d0b49e-513f-4ced-863d-79f6d46dc21b-attachment.png' type='image/png' size='87324'/>
            </attachments>
        </test-case>
        <test-case start='1548442525433' status='failed' stop='1548442526635'>
            <name>Delete Manifest</name>
            <title>Delete Manifest</title>
            <labels/>
            <parameters/>
            <steps/>
            <attachments>
                <attachment title='Screenshot' source='de24e5c4-0261-42c3-85bf-bd3a915ab0f9-attachment.png' type='image/png' size='87324'/>
            </attachments>
            <failure>
                <message>Failed: element(...).getAttribue is not a function</message>
                <stack-trace>TypeError: element(...).getAttribue is not a function
                    at UserContext.eval (eval at &lt;anonymous> (C:\Users\gebirecki\protractorworkspace\ProtractorAutomation\Fork.js:174:1), &lt;anonymous>:88:101)
                    at C:\Users\gebirecki\AppData\Roaming\npm\node_modules\protractor\node_modules\jasminewd2\index.js:112:25
                    at new ManagedPromise (C:\Users\gebirecki\AppData\Roaming\npm\node_modules\protractor\node_modules\selenium-webdriver\lib\promise.js:1077:7)
                    at ControlFlow.promise (C:\Users\gebirecki\AppData\Roaming\npm\node_modules\protractor\node_modules\selenium-webdriver\lib\promise.js:2505:12)
                    at schedulerExecute (C:\Users\gebirecki\AppData\Roaming\npm\node_modules\protractor\node_modules\jasminewd2\index.js:95:18)
                    at TaskQueue.execute_ (C:\Users\gebirecki\AppData\Roaming\npm\node_modules\protractor\node_modules\selenium-webdriver\lib\promise.js:3084:14)
                    at TaskQueue.executeNext_ (C:\Users\gebirecki\AppData\Roaming\npm\node_modules\protractor\node_modules\selenium-webdriver\lib\promise.js:3067:27)
                    at asyncRun (C:\Users\gebirecki\AppData\Roaming\npm\node_modules\protractor\node_modules\selenium-webdriver\lib\promise.js:2974:25)
                    at C:\Users\gebirecki\AppData\Roaming\npm\node_modules\protractor\node_modules\selenium-webdriver\lib\promise.js:668:7
                    at process._tickCallback (internal/process/next_tick.js:68:7)
                From: Task: Run it("Delete Manifest") in control flow
                    at UserContext.&lt;anonymous> (C:\Users\gebirecki\AppData\Roaming\npm\node_modules\protractor\node_modules\jasminewd2\index.js:94:19)
                    at attempt (C:\Users\gebirecki\AppData\Roaming\npm\node_modules\protractor\node_modules\jasmine-core\lib\jasmine-core\jasmine.js:4297:26)
                    at QueueRunner.run (C:\Users\gebirecki\AppData\Roaming\npm\node_modules\protractor\node_modules\jasmine-core\lib\jasmine-core\jasmine.js:4217:20)
                    at runNext (C:\Users\gebirecki\AppData\Roaming\npm\node_modules\protractor\node_modules\jasmine-core\lib\jasmine-core\jasmine.js:4257:20)
                    at C:\Users\gebirecki\AppData\Roaming\npm\node_modules\protractor\node_modules\jasmine-core\lib\jasmine-core\jasmine.js:4264:13
                    at C:\Users\gebirecki\AppData\Roaming\npm\node_modules\protractor\node_modules\jasmine-core\lib\jasmine-core\jasmine.js:4172:9
                    at C:\Users\gebirecki\AppData\Roaming\npm\node_modules\protractor\node_modules\jasminewd2\index.js:64:48
                    at ControlFlow.emit (C:\Users\gebirecki\AppData\Roaming\npm\node_modules\protractor\node_modules\selenium-webdriver\lib\events.js:62:21)
                    at ControlFlow.shutdown_ (C:\Users\gebirecki\AppData\Roaming\npm\node_modules\protractor\node_modules\selenium-webdriver\lib\promise.js:2674:10)
                    at shutdownTask_.MicroTask (C:\Users\gebirecki\AppData\Roaming\npm\node_modules\protractor\node_modules\selenium-webdriver\lib\promise.js:2599:53)
                From asynchronous test: 
                Error
                    at Suite.eval (eval at &lt;anonymous> (C:\Users\gebirecki\protractorworkspace\ProtractorAutomation\Fork.js:174:1), &lt;anonymous>:87:2)
                    at addSpecsToSuite (C:\Users\gebirecki\AppData\Roaming\npm\node_modules\protractor\node_modules\jasmine-core\lib\jasmine-core\jasmine.js:1107:25)
                    at Env.describe (C:\Users\gebirecki\AppData\Roaming\npm\node_modules\protractor\node_modules\jasmine-core\lib\jasmine-core\jasmine.js:1074:7)
                    at describe (C:\Users\gebirecki\AppData\Roaming\npm\node_modules\protractor\node_modules\jasmine-core\lib\jasmine-core\jasmine.js:4399:18)
                    at eval (eval at &lt;anonymous> (C:\Users\gebirecki\protractorworkspace\ProtractorAutomation\Fork.js:174:1), &lt;anonymous>:4:1)
                    at Object.&lt;anonymous> (C:\Users\gebirecki\protractorworkspace\ProtractorAutomation\Fork.js:174:1)
                    at Module._compile (internal/modules/cjs/loader.js:689:30)
                    at Object.Module._extensions..js (internal/modules/cjs/loader.js:700:10)
                    at Module.load (internal/modules/cjs/loader.js:599:32)</stack-trace>
            </failure>
        </test-case>
    </test-cases>
</ns2:test-suite>